<?xml version="1.0" encoding="UTF-8"?>
<!-- Generated by org.testng.reporters.JUnitXMLReporter -->
<testsuite hostname="DESKTOP-R3QST2J" name="Test" tests="1" failures="1" timestamp="15 Sep 2020 21:57:47 GMT" time="25.049" errors="0">
  <testcase name="iCanAddTodo" time="0.814" classname="com.todo.tests.AddTodoTest">
    <failure type="java.lang.AssertionError" message="expected [true] but found [false]">
      <![CDATA[java.lang.AssertionError: expected [true] but found [false]
	at com.todo.tests.AddTodoTest.iCanAddTodo(AddTodoTest.java:29)
... Removed 28 stack frames]]>
    </failure>
  </testcase> <!-- iCanAddTodo -->
</testsuite> <!-- Test -->
